# JRE version: OpenJDK Runtime Environment (8.0_131-b11) (build 1.8.0_131-8u131-b11-0ubuntu1.17.04.1-b11)
# Java VM: OpenJDK Server VM (25.131-b11 mixed mode linux-x86 )
Heap:
 PSYoungGen      total 284672K, used 10080K [0x93400000, 0xa6e00000, 0xa6e00000)
  eden space 264192K, 0% used [0x93400000,0x93400000,0xa3600000)
  from space 20480K, 49% used [0xa3600000,0xa3fd80f0,0xa4a00000)
  to   space 30208K, 0% used [0xa5080000,0xa5080000,0xa6e00000)
 ParOldGen       total 105472K, used 105395K [0x6c000000, 0x72700000, 0x93400000)
  object space 105472K, 99% used [0x6c000000,0x726ecfa8,0x72700000)
 Metaspace       used 4913K, capacity 4974K, committed 5016K, reserved 5424K
GC Heap History (10 events):
Event: 6,570 GC heap after
Heap after GC invocations=13 (full 1):
 PSYoungGen      total 301056K, used 13870K [0x93400000, 0xa6e00000, 0xa6e00000)
  eden space 282624K, 0% used [0x93400000,0x93400000,0xa4800000)
  from space 18432K, 75% used [0xa5c00000,0xa698bb50,0xa6e00000)
  to   space 19456K, 0% used [0xa4800000,0xa4800000,0xa5b00000)
 ParOldGen       total 67328K, used 47078K [0x6c000000, 0x701c0000, 0x93400000)
  object space 67328K, 69% used [0x6c000000,0x6edf99f0,0x701c0000)
 Metaspace       used 4913K, capacity 4974K, committed 5016K, reserved 5424K
}
Event: 6,881 GC heap before
{Heap before GC invocations=14 (full 1):
 PSYoungGen      total 301056K, used 296494K [0x93400000, 0xa6e00000, 0xa6e00000)
  eden space 282624K, 100% used [0x93400000,0xa4800000,0xa4800000)
  from space 18432K, 75% used [0xa5c00000,0xa698bb50,0xa6e00000)
  to   space 19456K, 0% used [0xa4800000,0xa4800000,0xa5b00000)
 ParOldGen       total 67328K, used 47078K [0x6c000000, 0x701c0000, 0x93400000)
  object space 67328K, 69% used [0x6c000000,0x6edf99f0,0x701c0000)
 Metaspace       used 4913K, capacity 4974K, committed 5016K, reserved 5424K
Event: 6,916 GC heap after
Heap after GC invocations=14 (full 1):
 PSYoungGen      total 302080K, used 19454K [0x93400000, 0xa6e00000, 0xa6e00000)
  eden space 282624K, 0% used [0x93400000,0x93400000,0xa4800000)
  from space 19456K, 99% used [0xa4800000,0xa5aff8f0,0xa5b00000)
  to   space 19456K, 0% used [0xa5b00000,0xa5b00000,0xa6e00000)
 ParOldGen       total 67328K, used 61134K [0x6c000000, 0x701c0000, 0x93400000)
  object space 67328K, 90% used [0x6c000000,0x6fbb39f0,0x701c0000)
 Metaspace       used 4913K, capacity 4974K, committed 5016K, reserved 5424K
}
Event: 6,916 GC heap before
{Heap before GC invocations=15 (full 2):
 PSYoungGen      total 302080K, used 19454K [0x93400000, 0xa6e00000, 0xa6e00000)
  eden space 282624K, 0% used [0x93400000,0x93400000,0xa4800000)
  from space 19456K, 99% used [0xa4800000,0xa5aff8f0,0xa5b00000)
  to   space 19456K, 0% used [0xa5b00000,0xa5b00000,0xa6e00000)
 ParOldGen       total 67328K, used 61134K [0x6c000000, 0x701c0000, 0x93400000)
  object space 67328K, 90% used [0x6c000000,0x6fbb39f0,0x701c0000)
 Metaspace       used 4913K, capacity 4974K, committed 5016K, reserved 5424K
Event: 7,030 GC heap after
Heap after GC invocations=15 (full 2):
 PSYoungGen      total 302080K, used 11670K [0x93400000, 0xa6e00000, 0xa6e00000)
  eden space 282624K, 0% used [0x93400000,0x93400000,0xa4800000)
  from space 19456K, 59% used [0xa4800000,0xa53659b0,0xa5b00000)
  to   space 19456K, 0% used [0xa5b00000,0xa5b00000,0xa6e00000)
 ParOldGen       total 105472K, used 67284K [0x6c000000, 0x72700000, 0x93400000)
  object space 105472K, 63% used [0x6c000000,0x701b5008,0x72700000)
 Metaspace       used 4913K, capacity 4974K, committed 5016K, reserved 5424K
}
Event: 7,507 GC heap before
{Heap before GC invocations=16 (full 2):
 PSYoungGen      total 302080K, used 294294K [0x93400000, 0xa6e00000, 0xa6e00000)
  eden space 282624K, 100% used [0x93400000,0xa4800000,0xa4800000)
  from space 19456K, 59% used [0xa4800000,0xa53659b0,0xa5b00000)
  to   space 19456K, 0% used [0xa5b00000,0xa5b00000,0xa6e00000)
 ParOldGen       total 105472K, used 67284K [0x6c000000, 0x72700000, 0x93400000)
  object space 105472K, 63% used [0x6c000000,0x701b5008,0x72700000)
 Metaspace       used 4913K, capacity 4974K, committed 5016K, reserved 5424K
Event: 7,633 GC heap after
Heap after GC invocations=16 (full 2):
 PSYoungGen      total 283648K, used 18528K [0x93400000, 0xa6e00000, 0xa6e00000)
  eden space 264192K, 0% used [0x93400000,0x93400000,0xa3600000)
  from space 19456K, 95% used [0xa5b00000,0xa6d18000,0xa6e00000)
  to   space 28672K, 0% used [0xa3600000,0xa3600000,0xa5200000)
 ParOldGen       total 105472K, used 79276K [0x6c000000, 0x72700000, 0x93400000)
  object space 105472K, 75% used [0x6c000000,0x70d6b008,0x72700000)
 Metaspace       used 4913K, capacity 4974K, committed 5016K, reserved 5424K
}
Event: 7,910 GC heap before
{Heap before GC invocations=17 (full 2):
 PSYoungGen      total 283648K, used 282720K [0x93400000, 0xa6e00000, 0xa6e00000)
  eden space 264192K, 100% used [0x93400000,0xa3600000,0xa3600000)
  from space 19456K, 95% used [0xa5b00000,0xa6d18000,0xa6e00000)
  to   space 28672K, 0% used [0xa3600000,0xa3600000,0xa5200000)
 ParOldGen       total 105472K, used 79276K [0x6c000000, 0x72700000, 0x93400000)
  object space 105472K, 75% used [0x6c000000,0x70d6b008,0x72700000)
 Metaspace       used 4913K, capacity 4974K, committed 5016K, reserved 5424K
Event: 7,962 GC heap after
Heap after GC invocations=17 (full 2):
 PSYoungGen      total 284672K, used 20413K [0x93400000, 0xa6e00000, 0xa6e00000)
  eden space 264192K, 0% used [0x93400000,0x93400000,0xa3600000)
  from space 20480K, 99% used [0xa3600000,0xa49ef560,0xa4a00000)
  to   space 30208K, 0% used [0xa5080000,0xa5080000,0xa6e00000)
 ParOldGen       total 105472K, used 98120K [0x6c000000, 0x72700000, 0x93400000)
  object space 105472K, 93% used [0x6c000000,0x71fd2008,0x72700000)
 Metaspace       used 4913K, capacity 4974K, committed 5016K, reserved 5424K
}
Event: 7,963 GC heap before
{Heap before GC invocations=18 (full 3):
 PSYoungGen      total 284672K, used 20413K [0x93400000, 0xa6e00000, 0xa6e00000)
  eden space 264192K, 0% used [0x93400000,0x93400000,0xa3600000)
  from space 20480K, 99% used [0xa3600000,0xa49ef560,0xa4a00000)
  to   space 30208K, 0% used [0xa5080000,0xa5080000,0xa6e00000)
 ParOldGen       total 105472K, used 98120K [0x6c000000, 0x72700000, 0x93400000)
  object space 105472K, 93% used [0x6c000000,0x71fd2008,0x72700000)
 Metaspace       used 4913K, capacity 4974K, committed 5016K, reserved 5424K

