# JRE version: OpenJDK Runtime Environment (8.0_131-b11) (build 1.8.0_131-8u131-b11-0ubuntu1.17.04.1-b11)
# Java VM: OpenJDK Server VM (25.131-b11 mixed mode linux-x86 )
Heap:
 PSYoungGen      total 284672K, used 9060K [0x93400000, 0xa6e00000, 0xa6e00000)
  eden space 264192K, 0% used [0x93400000,0x93400000,0xa3600000)
  from space 20480K, 44% used [0xa3600000,0xa3ed91a8,0xa4a00000)
  to   space 30208K, 0% used [0xa5080000,0xa5080000,0xa6e00000)
 ParOldGen       total 106496K, used 106414K [0x6c000000, 0x72800000, 0x93400000)
  object space 106496K, 99% used [0x6c000000,0x727eba18,0x72800000)
 Metaspace       used 4909K, capacity 4968K, committed 5016K, reserved 5424K
GC Heap History (10 events):
Event: 6,871 GC heap after
Heap after GC invocations=13 (full 1):
 PSYoungGen      total 301056K, used 13870K [0x93400000, 0xa6e00000, 0xa6e00000)
  eden space 282624K, 0% used [0x93400000,0x93400000,0xa4800000)
  from space 18432K, 75% used [0xa5c00000,0xa698bb50,0xa6e00000)
  to   space 19456K, 0% used [0xa4800000,0xa4800000,0xa5b00000)
 ParOldGen       total 67840K, used 47066K [0x6c000000, 0x70240000, 0x93400000)
  object space 67840K, 69% used [0x6c000000,0x6edf69c8,0x70240000)
 Metaspace       used 4909K, capacity 4968K, committed 5016K, reserved 5424K
}
Event: 7,226 GC heap before
{Heap before GC invocations=14 (full 1):
 PSYoungGen      total 301056K, used 296494K [0x93400000, 0xa6e00000, 0xa6e00000)
  eden space 282624K, 100% used [0x93400000,0xa4800000,0xa4800000)
  from space 18432K, 75% used [0xa5c00000,0xa698bb50,0xa6e00000)
  to   space 19456K, 0% used [0xa4800000,0xa4800000,0xa5b00000)
 ParOldGen       total 67840K, used 47066K [0x6c000000, 0x70240000, 0x93400000)
  object space 67840K, 69% used [0x6c000000,0x6edf69c8,0x70240000)
 Metaspace       used 4909K, capacity 4968K, committed 5016K, reserved 5424K
Event: 7,257 GC heap after
Heap after GC invocations=14 (full 1):
 PSYoungGen      total 302080K, used 19454K [0x93400000, 0xa6e00000, 0xa6e00000)
  eden space 282624K, 0% used [0x93400000,0x93400000,0xa4800000)
  from space 19456K, 99% used [0xa4800000,0xa5aff8f0,0xa5b00000)
  to   space 19456K, 0% used [0xa5b00000,0xa5b00000,0xa6e00000)
 ParOldGen       total 67840K, used 61086K [0x6c000000, 0x70240000, 0x93400000)
  object space 67840K, 90% used [0x6c000000,0x6fba79c8,0x70240000)
 Metaspace       used 4909K, capacity 4968K, committed 5016K, reserved 5424K
}
Event: 7,257 GC heap before
{Heap before GC invocations=15 (full 2):
 PSYoungGen      total 302080K, used 19454K [0x93400000, 0xa6e00000, 0xa6e00000)
  eden space 282624K, 0% used [0x93400000,0x93400000,0xa4800000)
  from space 19456K, 99% used [0xa4800000,0xa5aff8f0,0xa5b00000)
  to   space 19456K, 0% used [0xa5b00000,0xa5b00000,0xa6e00000)
 ParOldGen       total 67840K, used 61086K [0x6c000000, 0x70240000, 0x93400000)
  object space 67840K, 90% used [0x6c000000,0x6fba79c8,0x70240000)
 Metaspace       used 4909K, capacity 4968K, committed 5016K, reserved 5424K
Event: 7,371 GC heap after
Heap after GC invocations=15 (full 2):
 PSYoungGen      total 302080K, used 11191K [0x93400000, 0xa6e00000, 0xa6e00000)
  eden space 282624K, 0% used [0x93400000,0x93400000,0xa4800000)
  from space 19456K, 57% used [0xa4800000,0xa52edef0,0xa5b00000)
  to   space 19456K, 0% used [0xa5b00000,0xa5b00000,0xa6e00000)
 ParOldGen       total 106496K, used 67762K [0x6c000000, 0x72800000, 0x93400000)
  object space 106496K, 63% used [0x6c000000,0x7022c958,0x72800000)
 Metaspace       used 4909K, capacity 4968K, committed 5016K, reserved 5424K
}
Event: 7,844 GC heap before
{Heap before GC invocations=16 (full 2):
 PSYoungGen      total 302080K, used 293815K [0x93400000, 0xa6e00000, 0xa6e00000)
  eden space 282624K, 100% used [0x93400000,0xa4800000,0xa4800000)
  from space 19456K, 57% used [0xa4800000,0xa52edef0,0xa5b00000)
  to   space 19456K, 0% used [0xa5b00000,0xa5b00000,0xa6e00000)
 ParOldGen       total 106496K, used 67762K [0x6c000000, 0x72800000, 0x93400000)
  object space 106496K, 63% used [0x6c000000,0x7022c958,0x72800000)
 Metaspace       used 4909K, capacity 4968K, committed 5016K, reserved 5424K
Event: 7,968 GC heap after
Heap after GC invocations=16 (full 2):
 PSYoungGen      total 283648K, used 18528K [0x93400000, 0xa6e00000, 0xa6e00000)
  eden space 264192K, 0% used [0x93400000,0x93400000,0xa3600000)
  from space 19456K, 95% used [0xa5b00000,0xa6d18000,0xa6e00000)
  to   space 28672K, 0% used [0xa3600000,0xa3600000,0xa5200000)
 ParOldGen       total 106496K, used 79262K [0x6c000000, 0x72800000, 0x93400000)
  object space 106496K, 74% used [0x6c000000,0x70d67958,0x72800000)
 Metaspace       used 4909K, capacity 4968K, committed 5016K, reserved 5424K
}
Event: 8,229 GC heap before
{Heap before GC invocations=17 (full 2):
 PSYoungGen      total 283648K, used 282720K [0x93400000, 0xa6e00000, 0xa6e00000)
  eden space 264192K, 100% used [0x93400000,0xa3600000,0xa3600000)
  from space 19456K, 95% used [0xa5b00000,0xa6d18000,0xa6e00000)
  to   space 28672K, 0% used [0xa3600000,0xa3600000,0xa5200000)
 ParOldGen       total 106496K, used 79262K [0x6c000000, 0x72800000, 0x93400000)
  object space 106496K, 74% used [0x6c000000,0x70d67958,0x72800000)
 Metaspace       used 4909K, capacity 4968K, committed 5016K, reserved 5424K
Event: 8,272 GC heap after
Heap after GC invocations=17 (full 2):
 PSYoungGen      total 284672K, used 20429K [0x93400000, 0xa6e00000, 0xa6e00000)
  eden space 264192K, 0% used [0x93400000,0x93400000,0xa3600000)
  from space 20480K, 99% used [0xa3600000,0xa49f3560,0xa4a00000)
  to   space 30208K, 0% used [0xa5080000,0xa5080000,0xa6e00000)
 ParOldGen       total 106496K, used 98110K [0x6c000000, 0x72800000, 0x93400000)
  object space 106496K, 92% used [0x6c000000,0x71fcf958,0x72800000)
 Metaspace       used 4909K, capacity 4968K, committed 5016K, reserved 5424K
}
Event: 8,272 GC heap before
{Heap before GC invocations=18 (full 3):
 PSYoungGen      total 284672K, used 20429K [0x93400000, 0xa6e00000, 0xa6e00000)
  eden space 264192K, 0% used [0x93400000,0x93400000,0xa3600000)
  from space 20480K, 99% used [0xa3600000,0xa49f3560,0xa4a00000)
  to   space 30208K, 0% used [0xa5080000,0xa5080000,0xa6e00000)
 ParOldGen       total 106496K, used 98110K [0x6c000000, 0x72800000, 0x93400000)
  object space 106496K, 92% used [0x6c000000,0x71fcf958,0x72800000)
 Metaspace       used 4909K, capacity 4968K, committed 5016K, reserved 5424K

